{
  "RSpec": {
    "coverage": {
      "/Users/mikesilvis/Documents/Hungry-Academy/projects/hackchat.in/apps/chat_front/app/controllers/application_controller.rb": [
        1,
        null,
        1,
        null,
        1,
        null,
        1,
        0,
        0,
        null,
        null,
        null,
        null
      ],
      "/Users/mikesilvis/Documents/Hungry-Academy/projects/hackchat.in/apps/chat_front/app/helpers/application_helper.rb": [
        1,
        null,
        1,
        0,
        0,
        null,
        null,
        1,
        0,
        0,
        null,
        null,
        null
      ],
      "/Users/mikesilvis/Documents/Hungry-Academy/projects/hackchat.in/apps/chat_front/app/helpers/permissions_helper.rb": [
        1,
        null
      ],
      "/Users/mikesilvis/Documents/Hungry-Academy/projects/hackchat.in/apps/chat_front/app/helpers/roomies_helper.rb": [
        1,
        null
      ],
      "/Users/mikesilvis/Documents/Hungry-Academy/projects/hackchat.in/apps/chat_front/app/helpers/searches_helper.rb": [
        1,
        null
      ],
      "/Users/mikesilvis/Documents/Hungry-Academy/projects/hackchat.in/apps/chat_front/app/helpers/uploaders_helper.rb": [
        1,
        null
      ],
      "/Users/mikesilvis/Documents/Hungry-Academy/projects/hackchat.in/apps/chat_front/app/controllers/messages_controller.rb": [
        1,
        1,
        null,
        1,
        0,
        null,
        null,
        1,
        0,
        0,
        0,
        0,
        0,
        0,
        0,
        null,
        null,
        null
      ],
      "/Users/mikesilvis/Documents/Hungry-Academy/projects/hackchat.in/apps/chat_front/app/models/message.rb": [
        1,
        1,
        1,
        1,
        null,
        1,
        1,
        1,
        1,
        null,
        null,
        1,
        0,
        null,
        null,
        null,
        null,
        0,
        0,
        null,
        null,
        1,
        0,
        0,
        null,
        null,
        0,
        0,
        null,
        null,
        1,
        0,
        0,
        null,
        null,
        null,
        null,
        null
      ],
      "/Users/mikesilvis/Documents/Hungry-Academy/projects/hackchat.in/apps/chat_front/app/controllers/pages_controller.rb": [
        1,
        1,
        null,
        null
      ],
      "/Users/mikesilvis/Documents/Hungry-Academy/projects/hackchat.in/apps/chat_front/app/controllers/permissions_controller.rb": [
        1,
        null,
        1,
        0,
        0,
        0,
        0,
        0,
        0,
        null,
        null,
        null,
        1,
        null,
        null,
        null,
        1,
        null,
        null,
        1,
        0,
        0,
        0,
        null,
        null,
        0,
        null,
        0,
        0,
        0,
        null,
        0,
        0,
        null,
        null,
        null,
        1,
        null,
        null,
        1,
        null,
        null,
        null
      ],
      "/Users/mikesilvis/Documents/Hungry-Academy/projects/hackchat.in/apps/chat_front/app/controllers/roomies_controller.rb": [
        1,
        null,
        1,
        0,
        null,
        null,
        1,
        0,
        null,
        null,
        1,
        0,
        null,
        null,
        null,
        null,
        0,
        null,
        null,
        1,
        0,
        0,
        0,
        null,
        null,
        null
      ],
      "/Users/mikesilvis/Documents/Hungry-Academy/projects/hackchat.in/apps/chat_front/app/controllers/rooms_controller.rb": [
        1,
        1,
        null,
        1,
        0,
        null,
        null,
        1,
        null,
        null,
        null,
        1,
        null,
        null,
        null,
        1,
        0,
        0,
        0,
        null,
        null,
        null
      ],
      "/Users/mikesilvis/Documents/Hungry-Academy/projects/hackchat.in/apps/chat_front/app/models/room.rb": [
        1,
        1,
        1,
        null,
        1,
        7,
        null,
        null,
        null,
        1,
        0,
        null,
        null,
        1,
        0,
        null,
        0,
        null,
        null,
        1,
        0,
        0,
        null,
        null,
        1,
        0,
        0,
        0,
        0,
        null,
        null,
        null,
        null
      ],
      "/Users/mikesilvis/Documents/Hungry-Academy/projects/hackchat.in/apps/chat_front/app/controllers/searches_controller.rb": [
        1,
        null,
        1,
        0,
        0,
        null,
        null,
        null
      ],
      "/Users/mikesilvis/Documents/Hungry-Academy/projects/hackchat.in/apps/chat_front/app/controllers/uploaders_controller.rb": [
        1,
        1,
        1,
        1,
        1,
        null,
        null,
        1,
        0,
        0,
        0,
        0,
        0,
        0,
        null,
        0,
        null,
        null,
        null
      ],
      "/Users/mikesilvis/Documents/Hungry-Academy/projects/hackchat.in/apps/chat_front/app/models/file_uploader.rb": [
        1,
        null,
        1,
        null,
        null,
        null,
        1,
        null
      ],
      "/Users/mikesilvis/Documents/Hungry-Academy/projects/hackchat.in/apps/chat_front/app/models/message_search.rb": [
        1,
        1,
        null,
        1,
        0,
        0,
        0,
        null,
        null,
        1,
        0,
        0,
        0,
        null,
        null,
        null
      ],
      "/Users/mikesilvis/Documents/Hungry-Academy/projects/hackchat.in/apps/chat_front/app/models/roomie.rb": [
        1,
        1,
        1,
        1,
        1,
        null,
        1,
        0,
        0,
        null,
        null,
        1,
        0,
        0,
        null,
        null,
        1,
        0,
        null,
        null,
        1,
        0,
        null,
        null,
        1,
        null,
        null,
        null,
        null,
        0,
        null,
        null,
        null
      ],
      "/Users/mikesilvis/Documents/Hungry-Academy/projects/hackchat.in/apps/chat_front/app/models/upload.rb": [
        1,
        1,
        null,
        1,
        0,
        0,
        0,
        null,
        null
      ],
      "/Users/mikesilvis/Documents/Hungry-Academy/projects/hackchat.in/apps/chat_front/app/models/user_info.rb": [
        1,
        1,
        null,
        1,
        0,
        0,
        null,
        0,
        0,
        null,
        0,
        null,
        null,
        null,
        1,
        0,
        0,
        null,
        null,
        1,
        0,
        0,
        0,
        0,
        null,
        null,
        null
      ]
    },
    "timestamp": 1340026195
  }
}
